TapCard/app/build/outputs/mapping/release/seeds.txt
com.tapcard.app.ui.viewmodel.AuthViewModel
com.tapcard.app.MainActivity_GeneratedInjector
com.tapcard.app.data.local.AppDatabase
com.tapcard.app.MainActivity
com.tapcard.app.data.local.AppDatabase_Impl
com.tapcard.app.TapCardApplication
com.tapcard.app.TapCardApplication_GeneratedInjector
com.tapcard.app.ui.viewmodel.ProfileViewModel
com.tapcard.app.ui.screens.FeedbackDto: com.tapcard.app.ui.screens.FeedbackDto$Companion Companion
com.tapcard.app.data.remote.RemoteProfileDto: com.tapcard.app.data.remote.RemoteProfileDto$Companion Companion
com.tapcard.app.utils.NfcState: com.tapcard.app.utils.NfcState valueOf(java.lang.String)
com.tapcard.app.ui.viewmodel.UsernameValidationState: com.tapcard.app.ui.viewmodel.UsernameValidationState valueOf(java.lang.String)
com.tapcard.app.ui.screens.FeedbackDto$Companion: kotlinx.serialization.KSerializer serializer()
com.tapcard.app.MainActivity: MainActivity()
com.tapcard.app.ui.viewmodel.UsernameValidationState: com.tapcard.app.ui.viewmodel.UsernameValidationState[] values()
com.tapcard.app.domain.model.SyncStatus: com.tapcard.app.domain.model.SyncStatus[] values()
com.tapcard.app.domain.auth.AuthState: com.tapcard.app.domain.auth.AuthState valueOf(java.lang.String)
com.tapcard.app.utils.NfcState: com.tapcard.app.utils.NfcState[] values()
com.tapcard.app.TapCardApplication: TapCardApplication()
com.tapcard.app.data.remote.RemoteProfileDto$Companion: kotlinx.serialization.KSerializer serializer()
com.tapcard.app.data.local.AppDatabase_Impl: AppDatabase_Impl()
com.tapcard.app.domain.auth.AuthState: com.tapcard.app.domain.auth.AuthState[] values()
com.tapcard.app.data.local.AppDatabase: AppDatabase()
com.tapcard.app.domain.model.SyncStatus: com.tapcard.app.domain.model.SyncStatus valueOf(java.lang.String)
...
coil.compose.AsyncImagePainter$updateRequest$2$1$size$$inlined$mapNotNull$1: AsyncImagePainter$updateRequest$2$1$size$$inlined$mapNotNull$1(kotlinx.coroutines.flow.Flow)
coil.decode.BitmapFactoryDecoder$Factory: int hashCode()
io.github.jan.supabase.storage.BucketApi$publicRenderUrl$1: void invoke(io.github.jan.supabase.storage.ImageTransformation)
io.ktor.websocket.DefaultWebSocketSessionKt: kotlinx.coroutines.CoroutineName access$getIncomingProcessorCoroutineName$p()
io.ktor.client.plugins.HttpRedirect$Plugin$handleCall$1: java.lang.Object invokeSuspend(java.lang.Object)
io.ktor.serialization.kotlinx.json.KotlinxSerializationJsonExtensions: java.lang.Object access$serialize(io.ktor.serialization.kotlinx.json.KotlinxSerializationJsonExtensions,kotlinx.coroutines.flow.Flow,kotlinx.serialization.KSerializer,java.nio.charset.Charset,io.ktor.utils.io.ByteWriteChannel,kotlin.coroutines.Continuation)
coil.compose.ImageLoaderProvidableCompositionLocal: boolean equals-impl(androidx.compose.runtime.ProvidableCompositionLocal,java.lang.Object)
io.ktor.websocket.RawWebSocketCommon: kotlinx.coroutines.channels.SendChannel getOutgoing()
io.ktor.client.engine.cio.ClientClosedException: ClientClosedException(java.lang.Throwable,int,kotlin.jvm.internal.DefaultConstructorMarker)
io.ktor.client.plugins.HttpCallValidator$processException$1: HttpCallValidator$processException$1(io.ktor.client.plugins.HttpCallValidator,kotlin.coroutines.Continuation)
io.ktor.network.tls.cipher.CBCCipher$encrypt$packet$1: void invoke(io.ktor.utils.io.core.BytePacketBuilder)
io.ktor.utils.io.ChannelLittleEndianKt$readShort$1: java.lang.Object invokeSuspend(java.lang.Object)
coil.RealImageLoader: java.lang.Object executeMain(coil.request.ImageRequest,int,kotlin.coroutines.Continuation)
io.ktor.utils.io.core.BufferPrimitivesKt: void writeFully$default(io.ktor.utils.io.core.Buffer,long[],int,int,int,java.lang.Object)
io.ktor.client.content.LocalFileContent: io.ktor.utils.io.ByteReadChannel readFrom(kotlin.ranges.LongRange)
io.ktor.http.CookieUtilsKt$tryParseTime$1: java.lang.Boolean invoke(char)
io.ktor.utils.io.ByteBufferChannel: java.lang.Object peekTo-lBXzO7A(java.nio.ByteBuffer,long,long,long,long,kotlin.coroutines.Continuation)
kotlinx.coroutines.android.AndroidDispatcherFactory: kotlinx.coroutines.MainCoroutineDispatcher createDispatcher(java.util.List)
io.ktor.client.request.BuildersKt: java.lang.Object prepareDelete(io.ktor.client.HttpClient,java.lang.String,kotlin.jvm.functions.Function1,kotlin.coroutines.Continuation)
coil.ImageLoader$Builder$build$2: coil.disk.DiskCache invoke()
io.github.jan.supabase.storage.Bucket: void getUpdatedAt$annotations()
io.github.jan.supabase.postgrest.PostgrestErrorResponse$Companion: kotlinx.serialization.KSerializer serializer()
coil.RealImageLoader: coil.util.ImageLoaderOptions getOptions()
androidx.compose.ui.autofill.AutofillApi26Helper: void setAutofillType(android.view.ViewStructure,int)
io.ktor.utils.io.internal.RingBufferCapacity: void setAvailableForRead(int)
coil.fetch.HttpUriFetcher: java.lang.String getMimeType$coil_base_release(java.lang.String,okhttp3.MediaType)
io.ktor.client.request.BuildersKt: java.lang.Object prepareRequest$$forInline(io.ktor.client.HttpClient,io.ktor.http.Url,kotlin.jvm.functions.Function1,kotlin.coroutines.Continuation)
io.github.jan.supabase.storage.Bucket: java.lang.Long getFileSizeLimit()
io.github.jan.supabase.storage.JvmUtilsKt: kotlinx.coroutines.flow.Flow uploadAsFlow(io.github.jan.supabase.storage.BucketApi,java.lang.String,java.io.File,boolean)
io.ktor.client.plugins.cookies.HttpCookies$captureHeaderCookies$1: HttpCookies$captureHeaderCookies$1(io.ktor.client.plugins.cookies.HttpCookies,kotlin.coroutines.Continuation)
io.ktor.http.content.EntityTagVersion: boolean equals(java.lang.Object)
coil.request.Parameters$Builder: coil.request.Parameters$Builder set(java.lang.String,java.lang.Object,java.lang.String)